<?xml version="1.0" encoding="UTF-8"?>
<!-- Generated by org.testng.reporters.JUnitXMLReporter -->
<testsuite ignored="0" hostname="LAPTOP-J0U65P4F" failures="0" tests="5" name="Default test" time="0.058" errors="0" timestamp="2023-09-14T23:12:04 IST">
  <testcase classname="TestngJekins.TestCase2" name="cn" time="0.011"/>
  <testcase classname="TestngJekins.TestCase2" name="ld" time="0.002"/>
  <testcase classname="TestngJekins.TestCase2" name="po" time="0.002"/>
  <testcase classname="TestngJekins.TestCase2" name="sa" time="0.002"/>
  <testcase classname="TestngJekins.TestCase2" name="sl" time="0.001"/>
</testsuite> <!-- Default test -->
