<?xml version="1.0" encoding="UTF-8"?>
<!-- Generated by org.testng.reporters.JUnitXMLReporter -->
<testsuite ignored="0" hostname="LAPTOP-J0U65P4F" failures="0" tests="10" name="Test" time="0.085" errors="0" timestamp="2023-09-14T23:14:09 IST">
  <testcase classname="TestngJekins.TestCase1" name="as" time="0.01"/>
  <testcase classname="TestngJekins.TestCase1" name="ca" time="0.003"/>
  <testcase classname="TestngJekins.TestCase1" name="ge" time="0.001"/>
  <testcase classname="TestngJekins.TestCase1" name="ja" time="0.002"/>
  <testcase classname="TestngJekins.TestCase1" name="tl" time="0.001"/>
  <testcase classname="TestngJekins.TestCase2" name="cn" time="0.003"/>
  <testcase classname="TestngJekins.TestCase2" name="ld" time="0.001"/>
  <testcase classname="TestngJekins.TestCase2" name="po" time="0.001"/>
  <testcase classname="TestngJekins.TestCase2" name="sa" time="0.002"/>
  <testcase classname="TestngJekins.TestCase2" name="sl" time="0.002"/>
</testsuite> <!-- Test -->
