<?xml version="1.0" encoding="UTF-8"?>
<testng-results ignored="0" total="10" passed="10" failed="0" skipped="0">
  <reporter-output>
  </reporter-output>
  <suite started-at="2023-09-14T23:14:09 IST" name="Suite" finished-at="2023-09-14T23:14:09 IST" duration-ms="85">
    <groups>
    </groups>
    <test started-at="2023-09-14T23:14:09 IST" name="Test" finished-at="2023-09-14T23:14:09 IST" duration-ms="85">
      <class name="TestngJekins.TestCase1">
        <test-method signature="as()[pri:0, instance:TestngJekins.TestCase1@2b662a77]" started-at="2023-09-14T23:14:09 IST" name="as" finished-at="2023-09-14T23:14:09 IST" duration-ms="10" status="PASS">
          <reporter-output>
          </reporter-output>
        </test-method> <!-- as -->
        <test-method signature="ca()[pri:0, instance:TestngJekins.TestCase1@2b662a77]" started-at="2023-09-14T23:14:09 IST" name="ca" finished-at="2023-09-14T23:14:09 IST" duration-ms="3" status="PASS">
          <reporter-output>
          </reporter-output>
        </test-method> <!-- ca -->
        <test-method signature="ge()[pri:0, instance:TestngJekins.TestCase1@2b662a77]" started-at="2023-09-14T23:14:09 IST" name="ge" finished-at="2023-09-14T23:14:09 IST" duration-ms="1" status="PASS">
          <reporter-output>
          </reporter-output>
        </test-method> <!-- ge -->
        <test-method signature="ja()[pri:0, instance:TestngJekins.TestCase1@2b662a77]" started-at="2023-09-14T23:14:09 IST" name="ja" finished-at="2023-09-14T23:14:09 IST" duration-ms="2" status="PASS">
          <reporter-output>
          </reporter-output>
        </test-method> <!-- ja -->
        <test-method signature="tl()[pri:0, instance:TestngJekins.TestCase1@2b662a77]" started-at="2023-09-14T23:14:09 IST" name="tl" finished-at="2023-09-14T23:14:09 IST" duration-ms="1" status="PASS">
          <reporter-output>
          </reporter-output>
        </test-method> <!-- tl -->
      </class> <!-- TestngJekins.TestCase1 -->
      <class name="TestngJekins.TestCase2">
        <test-method signature="cn()[pri:0, instance:TestngJekins.TestCase2@6069db50]" started-at="2023-09-14T23:14:09 IST" name="cn" finished-at="2023-09-14T23:14:09 IST" duration-ms="3" status="PASS">
          <reporter-output>
          </reporter-output>
        </test-method> <!-- cn -->
        <test-method signature="ld()[pri:0, instance:TestngJekins.TestCase2@6069db50]" started-at="2023-09-14T23:14:09 IST" name="ld" finished-at="2023-09-14T23:14:09 IST" duration-ms="1" status="PASS">
          <reporter-output>
          </reporter-output>
        </test-method> <!-- ld -->
        <test-method signature="po()[pri:0, instance:TestngJekins.TestCase2@6069db50]" started-at="2023-09-14T23:14:09 IST" name="po" finished-at="2023-09-14T23:14:09 IST" duration-ms="1" status="PASS">
          <reporter-output>
          </reporter-output>
        </test-method> <!-- po -->
        <test-method signature="sa()[pri:0, instance:TestngJekins.TestCase2@6069db50]" started-at="2023-09-14T23:14:09 IST" name="sa" finished-at="2023-09-14T23:14:09 IST" duration-ms="2" status="PASS">
          <reporter-output>
          </reporter-output>
        </test-method> <!-- sa -->
        <test-method signature="sl()[pri:0, instance:TestngJekins.TestCase2@6069db50]" started-at="2023-09-14T23:14:09 IST" name="sl" finished-at="2023-09-14T23:14:09 IST" duration-ms="2" status="PASS">
          <reporter-output>
          </reporter-output>
        </test-method> <!-- sl -->
      </class> <!-- TestngJekins.TestCase2 -->
    </test> <!-- Test -->
  </suite> <!-- Suite -->
</testng-results>
